
*** Running vivado
    with args -log snncore.vdi -applog -m64 -product Vivado -messageDb vivado.pb -mode batch -source snncore.tcl -notrace


****** Vivado v2023.2 (64-bit)
  **** SW Build 4029153 on Fri Oct 13 20:13:54 MDT 2023
  **** IP Build 4028589 on Sat Oct 14 00:45:43 MDT 2023
  **** SharedData Build 4025554 on Tue Oct 10 17:18:54 MDT 2023
    ** Copyright 1986-2022 Xilinx, Inc. All Rights Reserved.
    ** Copyright 2022-2023 Advanced Micro Devices, Inc. All Rights Reserved.

source snncore.tcl -notrace
create_project: Time (s): cpu = 00:00:06 ; elapsed = 00:00:06 . Memory (MB): peak = 1487.430 ; gain = 10.930 ; free physical = 1929 ; free virtual = 6603
Command: link_design -top snncore -part xcku5p-ffvb676-2-e
Design is defaulting to srcset: sources_1
Design is defaulting to constrset: constrs_1
INFO: [Device 21-403] Loading part xcku5p-ffvb676-2-e
Netlist sorting complete. Time (s): cpu = 00:00:00.23 ; elapsed = 00:00:00.23 . Memory (MB): peak = 2504.234 ; gain = 0.000 ; free physical = 757 ; free virtual = 5599
INFO: [Netlist 29-17] Analyzing 703 Unisim elements for replacement
INFO: [Netlist 29-28] Unisim Transformation completed in 0 CPU seconds
INFO: [Project 1-479] Netlist was created with Vivado 2023.2
INFO: [Project 1-570] Preparing netlist for logic optimization
Parsing XDC File [/home/johncrespo/quantisenc-public/xdc/snncore_constraints.xdc]
Finished Parsing XDC File [/home/johncrespo/quantisenc-public/xdc/snncore_constraints.xdc]
INFO: [Opt 31-138] Pushed 0 inverter(s) to 0 load pin(s).
Netlist sorting complete. Time (s): cpu = 00:00:00 ; elapsed = 00:00:00.01 . Memory (MB): peak = 2648.762 ; gain = 0.000 ; free physical = 646 ; free virtual = 5546
INFO: [Project 1-111] Unisim Transformation Summary:
  A total of 65 instances were transformed.
  IBUF => IBUF (IBUFCTRL, INBUF): 65 instances

7 Infos, 0 Warnings, 0 Critical Warnings and 0 Errors encountered.
link_design completed successfully
link_design: Time (s): cpu = 00:00:12 ; elapsed = 00:00:12 . Memory (MB): peak = 2648.797 ; gain = 1161.367 ; free physical = 645 ; free virtual = 5545
Command: opt_design
Attempting to get a license for feature 'Implementation' and/or device 'xcku5p'
INFO: [Common 17-349] Got license for feature 'Implementation' and/or device 'xcku5p'
Running DRC as a precondition to command opt_design

Starting DRC Task
INFO: [DRC 23-27] Running DRC with 8 threads
INFO: [Project 1-461] DRC finished with 0 Errors
INFO: [Project 1-462] Please refer to the DRC report (report_drc) for more information.

Time (s): cpu = 00:00:02 ; elapsed = 00:00:00.96 . Memory (MB): peak = 2740.543 ; gain = 91.746 ; free physical = 616 ; free virtual = 5518

Starting Cache Timing Information Task
INFO: [Timing 38-35] Done setting XDC timing constraints.
Ending Cache Timing Information Task | Checksum: 4528691f

Time (s): cpu = 00:00:02 ; elapsed = 00:00:01 . Memory (MB): peak = 3066.805 ; gain = 326.262 ; free physical = 435 ; free virtual = 5336

Starting Logic Optimization Task

Phase 1 Initialization

Phase 1.1 Core Generation And Design Setup
Phase 1.1 Core Generation And Design Setup | Checksum: 4528691f

Time (s): cpu = 00:00:00.01 ; elapsed = 00:00:00.01 . Memory (MB): peak = 3375.578 ; gain = 0.000 ; free physical = 160 ; free virtual = 5057

Phase 1.2 Setup Constraints And Sort Netlist
Phase 1.2 Setup Constraints And Sort Netlist | Checksum: 4528691f

Time (s): cpu = 00:00:00.02 ; elapsed = 00:00:00.02 . Memory (MB): peak = 3375.578 ; gain = 0.000 ; free physical = 213 ; free virtual = 5110
Phase 1 Initialization | Checksum: 4528691f

Time (s): cpu = 00:00:00.02 ; elapsed = 00:00:00.02 . Memory (MB): peak = 3375.578 ; gain = 0.000 ; free physical = 222 ; free virtual = 5120

Phase 2 Timer Update And Timing Data Collection

Phase 2.1 Timer Update
Phase 2.1 Timer Update | Checksum: 4528691f

Time (s): cpu = 00:00:01 ; elapsed = 00:00:00.25 . Memory (MB): peak = 3375.578 ; gain = 0.000 ; free physical = 333 ; free virtual = 5136

Phase 2.2 Timing Data Collection
Phase 2.2 Timing Data Collection | Checksum: 4528691f

Time (s): cpu = 00:00:01 ; elapsed = 00:00:00.32 . Memory (MB): peak = 3375.578 ; gain = 0.000 ; free physical = 330 ; free virtual = 5132
Phase 2 Timer Update And Timing Data Collection | Checksum: 4528691f

Time (s): cpu = 00:00:01 ; elapsed = 00:00:00.32 . Memory (MB): peak = 3375.578 ; gain = 0.000 ; free physical = 330 ; free virtual = 5132

Phase 3 Retarget
INFO: [Opt 31-138] Pushed 0 inverter(s) to 0 load pin(s).
INFO: [Opt 31-49] Retargeted 0 cell(s).
Phase 3 Retarget | Checksum: 114bb9590

Time (s): cpu = 00:00:01 ; elapsed = 00:00:00.59 . Memory (MB): peak = 3375.578 ; gain = 0.000 ; free physical = 330 ; free virtual = 5133
Retarget | Checksum: 114bb9590
INFO: [Opt 31-389] Phase Retarget created 0 cells and removed 0 cells

Phase 4 Constant propagation
INFO: [Opt 31-138] Pushed 0 inverter(s) to 0 load pin(s).
Phase 4 Constant propagation | Checksum: e044426a

Time (s): cpu = 00:00:02 ; elapsed = 00:00:00.75 . Memory (MB): peak = 3375.578 ; gain = 0.000 ; free physical = 323 ; free virtual = 5131
Constant propagation | Checksum: e044426a
INFO: [Opt 31-389] Phase Constant propagation created 0 cells and removed 0 cells

Phase 5 Sweep
Phase 5 Sweep | Checksum: 3ae45553

Time (s): cpu = 00:00:02 ; elapsed = 00:00:00.91 . Memory (MB): peak = 3375.578 ; gain = 0.000 ; free physical = 319 ; free virtual = 5127
Sweep | Checksum: 3ae45553
INFO: [Opt 31-389] Phase Sweep created 0 cells and removed 0 cells

Phase 6 BUFG optimization
INFO: [Opt 31-1077] Phase BUFG optimization inserted 0 global clock buffer(s) for CLOCK_LOW_FANOUT.
Phase 6 BUFG optimization | Checksum: 3ae45553

Time (s): cpu = 00:00:02 ; elapsed = 00:00:01 . Memory (MB): peak = 3407.594 ; gain = 32.016 ; free physical = 319 ; free virtual = 5127
BUFG optimization | Checksum: 3ae45553
INFO: [Opt 31-662] Phase BUFG optimization created 0 cells of which 0 are BUFGs and removed 0 cells.

Phase 7 Shift Register Optimization
INFO: [Opt 31-1064] SRL Remap converted 0 SRLs to 0 registers and converted 0 registers of register chains to 0 SRLs
Phase 7 Shift Register Optimization | Checksum: 3ae45553

Time (s): cpu = 00:00:02 ; elapsed = 00:00:01 . Memory (MB): peak = 3407.594 ; gain = 32.016 ; free physical = 319 ; free virtual = 5127
Shift Register Optimization | Checksum: 3ae45553
INFO: [Opt 31-389] Phase Shift Register Optimization created 0 cells and removed 0 cells

Phase 8 Post Processing Netlist
Phase 8 Post Processing Netlist | Checksum: 3ae45553

Time (s): cpu = 00:00:02 ; elapsed = 00:00:01 . Memory (MB): peak = 3407.594 ; gain = 32.016 ; free physical = 319 ; free virtual = 5127
Post Processing Netlist | Checksum: 3ae45553
INFO: [Opt 31-389] Phase Post Processing Netlist created 0 cells and removed 0 cells

Phase 9 Finalization

Phase 9.1 Finalizing Design Cores and Updating Shapes
Phase 9.1 Finalizing Design Cores and Updating Shapes | Checksum: 193999ffc

Time (s): cpu = 00:00:02 ; elapsed = 00:00:01 . Memory (MB): peak = 3407.594 ; gain = 32.016 ; free physical = 320 ; free virtual = 5129

Phase 9.2 Verifying Netlist Connectivity

Starting Connectivity Check Task

Time (s): cpu = 00:00:00.04 ; elapsed = 00:00:00.04 . Memory (MB): peak = 3407.594 ; gain = 0.000 ; free physical = 320 ; free virtual = 5129
Phase 9.2 Verifying Netlist Connectivity | Checksum: 193999ffc

Time (s): cpu = 00:00:02 ; elapsed = 00:00:01 . Memory (MB): peak = 3407.594 ; gain = 32.016 ; free physical = 320 ; free virtual = 5129
Phase 9 Finalization | Checksum: 193999ffc

Time (s): cpu = 00:00:02 ; elapsed = 00:00:01 . Memory (MB): peak = 3407.594 ; gain = 32.016 ; free physical = 320 ; free virtual = 5129
Opt_design Change Summary
=========================


-------------------------------------------------------------------------------------------------------------------------
|  Phase                        |  #Cells created  |  #Cells Removed  |  #Constrained objects preventing optimizations  |
-------------------------------------------------------------------------------------------------------------------------
|  Retarget                     |               0  |               0  |                                              0  |
|  Constant propagation         |               0  |               0  |                                              0  |
|  Sweep                        |               0  |               0  |                                              0  |
|  BUFG optimization            |               0  |               0  |                                              0  |
|  Shift Register Optimization  |               0  |               0  |                                              0  |
|  Post Processing Netlist      |               0  |               0  |                                              0  |
-------------------------------------------------------------------------------------------------------------------------


Ending Logic Optimization Task | Checksum: 193999ffc

Time (s): cpu = 00:00:02 ; elapsed = 00:00:01 . Memory (MB): peak = 3407.594 ; gain = 32.016 ; free physical = 320 ; free virtual = 5129
INFO: [Constraints 18-11670] Building netlist checker database with flags, 0x8
Done building netlist checker database: Time (s): cpu = 00:00:00.01 ; elapsed = 00:00:00 . Memory (MB): peak = 3407.594 ; gain = 0.000 ; free physical = 320 ; free virtual = 5129

Starting Power Optimization Task
INFO: [Pwropt 34-132] Skipping clock gating for clocks with a period < 2.00 ns.
INFO: [Timing 38-35] Done setting XDC timing constraints.
INFO: [Pwropt 34-9] Applying IDT optimizations ...
INFO: [Pwropt 34-10] Applying ODC optimizations ...
Running Vector-less Activity Propagation...

Finished Running Vector-less Activity Propagation


Starting PowerOpt Patch Enables Task
INFO: [Pwropt 34-162] WRITE_MODE attribute of 0 BRAM(s) out of a total of 50 has been updated to save power. Run report_power_opt to get a complete listing of the BRAMs updated.
INFO: [Pwropt 34-201] Structural ODC has moved 50 WE to EN ports
Number of BRAM Ports augmented: 0 newly gated: 50 Total Ports: 100
Ending PowerOpt Patch Enables Task | Checksum: 190febd17

Time (s): cpu = 00:00:00.17 ; elapsed = 00:00:00.18 . Memory (MB): peak = 3892.594 ; gain = 0.000 ; free physical = 162 ; free virtual = 4694
Ending Power Optimization Task | Checksum: 190febd17

Time (s): cpu = 00:00:12 ; elapsed = 00:00:07 . Memory (MB): peak = 3892.594 ; gain = 485.000 ; free physical = 162 ; free virtual = 4694

Starting Final Cleanup Task
Ending Final Cleanup Task | Checksum: 190febd17

Time (s): cpu = 00:00:00 ; elapsed = 00:00:00 . Memory (MB): peak = 3892.594 ; gain = 0.000 ; free physical = 162 ; free virtual = 4694

Starting Netlist Obfuscation Task
Netlist sorting complete. Time (s): cpu = 00:00:00.01 ; elapsed = 00:00:00.01 . Memory (MB): peak = 3892.594 ; gain = 0.000 ; free physical = 162 ; free virtual = 4694
Ending Netlist Obfuscation Task | Checksum: 115604152

Time (s): cpu = 00:00:00.01 ; elapsed = 00:00:00.01 . Memory (MB): peak = 3892.594 ; gain = 0.000 ; free physical = 162 ; free virtual = 4694
INFO: [Common 17-83] Releasing license: Implementation
31 Infos, 0 Warnings, 0 Critical Warnings and 0 Errors encountered.
opt_design completed successfully
opt_design: Time (s): cpu = 00:00:20 ; elapsed = 00:00:13 . Memory (MB): peak = 3892.594 ; gain = 1243.797 ; free physical = 162 ; free virtual = 4694
INFO: [runtcl-4] Executing : report_drc -file snncore_drc_opted.rpt -pb snncore_drc_opted.pb -rpx snncore_drc_opted.rpx
Command: report_drc -file snncore_drc_opted.rpt -pb snncore_drc_opted.pb -rpx snncore_drc_opted.rpx
INFO: [IP_Flow 19-234] Refreshing IP repositories
INFO: [IP_Flow 19-1704] No user IP repositories specified
INFO: [IP_Flow 19-2313] Loaded Vivado IP repository '/opt/Xilinx/Vivado/2023.2/data/ip'.
INFO: [DRC 23-27] Running DRC with 8 threads
INFO: [Vivado_Tcl 2-168] The results of DRC are in file /home/johncrespo/quantisenc-public/Neuro_proj/Neuro_proj.runs/impl_1/snncore_drc_opted.rpt.
report_drc completed successfully
INFO: [Timing 38-480] Writing timing data to binary archive.
Write ShapeDB Complete: Time (s): cpu = 00:00:00.1 ; elapsed = 00:00:00.03 . Memory (MB): peak = 3892.594 ; gain = 0.000 ; free physical = 225 ; free virtual = 4674
INFO: [Common 17-1381] The checkpoint '/home/johncrespo/quantisenc-public/Neuro_proj/Neuro_proj.runs/impl_1/snncore_opt.dcp' has been generated.
Command: place_design
Attempting to get a license for feature 'Implementation' and/or device 'xcku5p'
INFO: [Common 17-349] Got license for feature 'Implementation' and/or device 'xcku5p'
INFO: [Common 17-83] Releasing license: Implementation
INFO: [DRC 23-27] Running DRC with 8 threads
INFO: [Vivado_Tcl 4-198] DRC finished with 0 Errors
INFO: [Vivado_Tcl 4-199] Please refer to the DRC report (report_drc) for more information.
Running DRC as a precondition to command place_design
INFO: [DRC 23-27] Running DRC with 8 threads
INFO: [Vivado_Tcl 4-198] DRC finished with 0 Errors
INFO: [Vivado_Tcl 4-199] Please refer to the DRC report (report_drc) for more information.
INFO: [Place 30-611] Multithreading enabled for place_design using a maximum of 8 CPUs

Starting Placer Task

Phase 1 Placer Initialization

Phase 1.1 Placer Initialization Netlist Sorting
Netlist sorting complete. Time (s): cpu = 00:00:00.01 ; elapsed = 00:00:00.01 . Memory (MB): peak = 3892.594 ; gain = 0.000 ; free physical = 201 ; free virtual = 4654
Phase 1.1 Placer Initialization Netlist Sorting | Checksum: bec3a69c

Time (s): cpu = 00:00:00.01 ; elapsed = 00:00:00.01 . Memory (MB): peak = 3892.594 ; gain = 0.000 ; free physical = 201 ; free virtual = 4654
Netlist sorting complete. Time (s): cpu = 00:00:00 ; elapsed = 00:00:00 . Memory (MB): peak = 3892.594 ; gain = 0.000 ; free physical = 201 ; free virtual = 4654

Phase 1.2 IO Placement/ Clock Placement/ Build Placer Device
INFO: [Timing 38-35] Done setting XDC timing constraints.
Phase 1.2 IO Placement/ Clock Placement/ Build Placer Device | Checksum: c9186bc2

Time (s): cpu = 00:00:16 ; elapsed = 00:00:14 . Memory (MB): peak = 4406.699 ; gain = 514.105 ; free physical = 157 ; free virtual = 3694

Phase 1.3 Build Placer Netlist Model
INFO: [Place 30-896] Complex timing constraints detected. Disabling fast timing updates
Phase 1.3 Build Placer Netlist Model | Checksum: 10335f542

Time (s): cpu = 00:00:25 ; elapsed = 00:00:18 . Memory (MB): peak = 4438.715 ; gain = 546.121 ; free physical = 143 ; free virtual = 3722

Phase 1.4 Constrain Clocks/Macros
Phase 1.4 Constrain Clocks/Macros | Checksum: 10335f542

Time (s): cpu = 00:00:25 ; elapsed = 00:00:18 . Memory (MB): peak = 4438.715 ; gain = 546.121 ; free physical = 143 ; free virtual = 3722
Phase 1 Placer Initialization | Checksum: 10335f542

Time (s): cpu = 00:00:25 ; elapsed = 00:00:18 . Memory (MB): peak = 4438.715 ; gain = 546.121 ; free physical = 140 ; free virtual = 3724

Phase 2 Global Placement

Phase 2.1 Floorplanning

Phase 2.1.1 Partition Driven Placement

Phase 2.1.1.1 PBP: Partition Driven Placement
Phase 2.1.1.1 PBP: Partition Driven Placement | Checksum: 1691ab135

Time (s): cpu = 00:00:40 ; elapsed = 00:00:23 . Memory (MB): peak = 4438.715 ; gain = 546.121 ; free physical = 248 ; free virtual = 3750

Phase 2.1.1.2 PBP: Clock Region Placement
INFO: [Place 30-3162] Check ILP status : ILP-based clock placer completed successfully.
Phase 2.1.1.2 PBP: Clock Region Placement | Checksum: 1691ab135

Time (s): cpu = 00:00:40 ; elapsed = 00:00:24 . Memory (MB): peak = 4438.715 ; gain = 546.121 ; free physical = 266 ; free virtual = 3740

Phase 2.1.1.3 PBP: Compute Congestion
Phase 2.1.1.3 PBP: Compute Congestion | Checksum: 1691ab135

Time (s): cpu = 00:01:01 ; elapsed = 00:00:31 . Memory (MB): peak = 4861.699 ; gain = 969.105 ; free physical = 158 ; free virtual = 2204

Phase 2.1.1.4 PBP: UpdateTiming
Phase 2.1.1.4 PBP: UpdateTiming | Checksum: 14a6648d3

Time (s): cpu = 00:01:03 ; elapsed = 00:00:31 . Memory (MB): peak = 4861.699 ; gain = 969.105 ; free physical = 217 ; free virtual = 2175

Phase 2.1.1.5 PBP: Add part constraints
Phase 2.1.1.5 PBP: Add part constraints | Checksum: 14a6648d3

Time (s): cpu = 00:01:03 ; elapsed = 00:00:31 . Memory (MB): peak = 4861.699 ; gain = 969.105 ; free physical = 219 ; free virtual = 2174
Phase 2.1.1 Partition Driven Placement | Checksum: 14a6648d3

Time (s): cpu = 00:01:03 ; elapsed = 00:00:31 . Memory (MB): peak = 4861.699 ; gain = 969.105 ; free physical = 224 ; free virtual = 2179
Phase 2.1 Floorplanning | Checksum: 14a6648d3

Time (s): cpu = 00:01:03 ; elapsed = 00:00:31 . Memory (MB): peak = 4861.699 ; gain = 969.105 ; free physical = 216 ; free virtual = 2170

Phase 2.2 Update Timing before SLR Path Opt
Phase 2.2 Update Timing before SLR Path Opt | Checksum: 14a6648d3

Time (s): cpu = 00:01:04 ; elapsed = 00:00:31 . Memory (MB): peak = 4861.699 ; gain = 969.105 ; free physical = 216 ; free virtual = 2170

Phase 2.3 Post-Processing in Floorplanning
Phase 2.3 Post-Processing in Floorplanning | Checksum: 14a6648d3

Time (s): cpu = 00:01:04 ; elapsed = 00:00:31 . Memory (MB): peak = 4861.699 ; gain = 969.105 ; free physical = 216 ; free virtual = 2166

Phase 2.4 Global Placement Core
INFO: [Place 46-58] Complex timing constraints like using -rise or -fall are detected, physical synthesis in placer is disabled.
Phase 2.4 Global Placement Core | Checksum: 15fa08c07

Time (s): cpu = 00:02:50 ; elapsed = 00:00:59 . Memory (MB): peak = 4957.715 ; gain = 1065.121 ; free physical = 272 ; free virtual = 2018
Phase 2 Global Placement | Checksum: 15fa08c07

Time (s): cpu = 00:02:50 ; elapsed = 00:00:59 . Memory (MB): peak = 4957.715 ; gain = 1065.121 ; free physical = 272 ; free virtual = 2018

Phase 3 Detail Placement

Phase 3.1 Commit Multi Column Macros
Phase 3.1 Commit Multi Column Macros | Checksum: da23c189

Time (s): cpu = 00:03:07 ; elapsed = 00:01:04 . Memory (MB): peak = 4957.715 ; gain = 1065.121 ; free physical = 273 ; free virtual = 2042

Phase 3.2 Commit Most Macros & LUTRAMs
Phase 3.2 Commit Most Macros & LUTRAMs | Checksum: ba9011eb

Time (s): cpu = 00:03:12 ; elapsed = 00:01:05 . Memory (MB): peak = 4957.715 ; gain = 1065.121 ; free physical = 252 ; free virtual = 2038

Phase 3.3 Small Shape DP

Phase 3.3.1 Small Shape Clustering
Phase 3.3.1 Small Shape Clustering | Checksum: 168878f8e

Time (s): cpu = 00:03:28 ; elapsed = 00:01:09 . Memory (MB): peak = 4957.715 ; gain = 1065.121 ; free physical = 215 ; free virtual = 2031

Phase 3.3.2 Slice Area Swap

Phase 3.3.2.1 Slice Area Swap Initial
Phase 3.3.2.1 Slice Area Swap Initial | Checksum: e787f6e0

Time (s): cpu = 00:03:29 ; elapsed = 00:01:10 . Memory (MB): peak = 4957.715 ; gain = 1065.121 ; free physical = 277 ; free virtual = 1985
Phase 3.3.2 Slice Area Swap | Checksum: e787f6e0

Time (s): cpu = 00:03:30 ; elapsed = 00:01:10 . Memory (MB): peak = 4957.715 ; gain = 1065.121 ; free physical = 277 ; free virtual = 1985
Phase 3.3 Small Shape DP | Checksum: 113c6a318

Time (s): cpu = 00:03:34 ; elapsed = 00:01:12 . Memory (MB): peak = 4957.715 ; gain = 1065.121 ; free physical = 266 ; free virtual = 1985

Phase 3.4 Re-assign LUT pins
Phase 3.4 Re-assign LUT pins | Checksum: 159ac1d09

Time (s): cpu = 00:03:35 ; elapsed = 00:01:13 . Memory (MB): peak = 4957.715 ; gain = 1065.121 ; free physical = 260 ; free virtual = 1985

Phase 3.5 Pipeline Register Optimization
Phase 3.5 Pipeline Register Optimization | Checksum: 21ff3a143

Time (s): cpu = 00:03:35 ; elapsed = 00:01:13 . Memory (MB): peak = 4957.715 ; gain = 1065.121 ; free physical = 260 ; free virtual = 1985
Phase 3 Detail Placement | Checksum: 21ff3a143

Time (s): cpu = 00:03:35 ; elapsed = 00:01:13 . Memory (MB): peak = 4957.715 ; gain = 1065.121 ; free physical = 260 ; free virtual = 1985

Phase 4 Post Placement Optimization and Clean-Up

Phase 4.1 Post Commit Optimization

Phase 4.1.1 Post Placement Optimization
Post Placement Optimization Initialization | Checksum: 156f0b977

Phase 4.1.1.1 BUFG Insertion

Starting Physical Synthesis Task

Phase 1 Physical Synthesis Initialization
INFO: [Physopt 32-721] Multithreading enabled for phys_opt_design using a maximum of 8 CPUs
INFO: [Physopt 32-619] Estimated Timing Summary | WNS=0.486 | TNS=0.000 |
Phase 1 Physical Synthesis Initialization | Checksum: 17cb31586

Time (s): cpu = 00:00:00.12 ; elapsed = 00:00:00.13 . Memory (MB): peak = 4957.715 ; gain = 0.000 ; free physical = 173 ; free virtual = 1977
INFO: [Place 46-56] BUFG insertion identified 0 candidate nets. Inserted BUFG: 0, Replicated BUFG Driver: 0, Skipped due to Placement/Routing Conflicts: 0, Skipped due to Timing Degradation: 0, Skipped due to netlist editing failed: 0.
Ending Physical Synthesis Task | Checksum: 17cb31586

Time (s): cpu = 00:00:00.32 ; elapsed = 00:00:00.34 . Memory (MB): peak = 4957.715 ; gain = 0.000 ; free physical = 285 ; free virtual = 1999
Phase 4.1.1.1 BUFG Insertion | Checksum: 156f0b977

Time (s): cpu = 00:04:05 ; elapsed = 00:01:21 . Memory (MB): peak = 4957.715 ; gain = 1065.121 ; free physical = 291 ; free virtual = 2001

Phase 4.1.1.2 Post Placement Timing Optimization
INFO: [Place 30-746] Post Placement Timing Summary WNS=0.532. For the most accurate timing information please run report_timing.
Phase 4.1.1.2 Post Placement Timing Optimization | Checksum: c407f97b

Time (s): cpu = 00:04:05 ; elapsed = 00:01:21 . Memory (MB): peak = 4957.715 ; gain = 1065.121 ; free physical = 289 ; free virtual = 2003

Time (s): cpu = 00:04:05 ; elapsed = 00:01:21 . Memory (MB): peak = 4957.715 ; gain = 1065.121 ; free physical = 289 ; free virtual = 2003
Phase 4.1 Post Commit Optimization | Checksum: c407f97b

Time (s): cpu = 00:04:05 ; elapsed = 00:01:22 . Memory (MB): peak = 4957.715 ; gain = 1065.121 ; free physical = 289 ; free virtual = 2003
Netlist sorting complete. Time (s): cpu = 00:00:00 ; elapsed = 00:00:00.01 . Memory (MB): peak = 4962.715 ; gain = 0.000 ; free physical = 203 ; free virtual = 2042

Phase 4.2 Post Placement Cleanup
Phase 4.2 Post Placement Cleanup | Checksum: 125a7bd7d

Time (s): cpu = 00:04:25 ; elapsed = 00:01:31 . Memory (MB): peak = 4962.715 ; gain = 1070.121 ; free physical = 203 ; free virtual = 2042

Phase 4.3 Placer Reporting

Phase 4.3.1 Print Estimated Congestion
INFO: [Place 30-612] Post-Placement Estimated Congestion 
 ________________________________________________________________________
|           | Global Congestion | Long Congestion   | Short Congestion  |
| Direction | Region Size       | Region Size       | Region Size       |
|___________|___________________|___________________|___________________|
|      North|                1x1|                1x1|                1x1|
|___________|___________________|___________________|___________________|
|      South|                1x1|                1x1|                1x1|
|___________|___________________|___________________|___________________|
|       East|                1x1|                1x1|                1x1|
|___________|___________________|___________________|___________________|
|       West|                1x1|                1x1|                1x1|
|___________|___________________|___________________|___________________|

Phase 4.3.1 Print Estimated Congestion | Checksum: 125a7bd7d

Time (s): cpu = 00:04:26 ; elapsed = 00:01:31 . Memory (MB): peak = 4962.715 ; gain = 1070.121 ; free physical = 203 ; free virtual = 2042
Phase 4.3 Placer Reporting | Checksum: 125a7bd7d

Time (s): cpu = 00:04:26 ; elapsed = 00:01:31 . Memory (MB): peak = 4962.715 ; gain = 1070.121 ; free physical = 203 ; free virtual = 2042

Phase 4.4 Final Placement Cleanup
Netlist sorting complete. Time (s): cpu = 00:00:00 ; elapsed = 00:00:00 . Memory (MB): peak = 4962.715 ; gain = 0.000 ; free physical = 201 ; free virtual = 2042

Time (s): cpu = 00:04:26 ; elapsed = 00:01:31 . Memory (MB): peak = 4962.715 ; gain = 1070.121 ; free physical = 201 ; free virtual = 2042
Phase 4 Post Placement Optimization and Clean-Up | Checksum: 12ad9ac12

Time (s): cpu = 00:04:26 ; elapsed = 00:01:31 . Memory (MB): peak = 4962.715 ; gain = 1070.121 ; free physical = 201 ; free virtual = 2042
Ending Placer Task | Checksum: e6909bc6

Time (s): cpu = 00:04:26 ; elapsed = 00:01:31 . Memory (MB): peak = 4962.715 ; gain = 1070.121 ; free physical = 201 ; free virtual = 2042
57 Infos, 0 Warnings, 0 Critical Warnings and 0 Errors encountered.
place_design completed successfully
place_design: Time (s): cpu = 00:04:30 ; elapsed = 00:01:32 . Memory (MB): peak = 4962.715 ; gain = 1070.121 ; free physical = 193 ; free virtual = 2048
INFO: [runtcl-4] Executing : report_io -file snncore_io_placed.rpt
report_io: Time (s): cpu = 00:00:00.14 ; elapsed = 00:00:00.16 . Memory (MB): peak = 4962.715 ; gain = 0.000 ; free physical = 213 ; free virtual = 2052
INFO: [runtcl-4] Executing : report_utilization -file snncore_utilization_placed.rpt -pb snncore_utilization_placed.pb
INFO: [runtcl-4] Executing : report_control_sets -verbose -file snncore_control_sets_placed.rpt
report_control_sets: Time (s): cpu = 00:00:00.02 ; elapsed = 00:00:00.01 . Memory (MB): peak = 4962.715 ; gain = 0.000 ; free physical = 188 ; free virtual = 2036
INFO: [Timing 38-480] Writing timing data to binary archive.
Write ShapeDB Complete: Time (s): cpu = 00:00:00.18 ; elapsed = 00:00:00.04 . Memory (MB): peak = 4962.715 ; gain = 0.000 ; free physical = 182 ; free virtual = 2048
Wrote PlaceDB: Time (s): cpu = 00:00:03 ; elapsed = 00:00:00.89 . Memory (MB): peak = 4962.715 ; gain = 0.000 ; free physical = 233 ; free virtual = 2026
Wrote PulsedLatchDB: Time (s): cpu = 00:00:00 ; elapsed = 00:00:00 . Memory (MB): peak = 4962.715 ; gain = 0.000 ; free physical = 233 ; free virtual = 2026
Writing XDEF routing.
Writing XDEF routing logical nets.
Writing XDEF routing special nets.
Wrote RouteStorage: Time (s): cpu = 00:00:00.21 ; elapsed = 00:00:00.15 . Memory (MB): peak = 4962.715 ; gain = 0.000 ; free physical = 192 ; free virtual = 2021
Wrote Netlist Cache: Time (s): cpu = 00:00:00.04 ; elapsed = 00:00:00.02 . Memory (MB): peak = 4962.715 ; gain = 0.000 ; free physical = 198 ; free virtual = 2019
Wrote Device Cache: Time (s): cpu = 00:00:00.03 ; elapsed = 00:00:00.02 . Memory (MB): peak = 4962.715 ; gain = 0.000 ; free physical = 203 ; free virtual = 2013
Write Physdb Complete: Time (s): cpu = 00:00:03 ; elapsed = 00:00:01 . Memory (MB): peak = 4962.715 ; gain = 0.000 ; free physical = 207 ; free virtual = 2006
INFO: [Common 17-1381] The checkpoint '/home/johncrespo/quantisenc-public/Neuro_proj/Neuro_proj.runs/impl_1/snncore_placed.dcp' has been generated.
Command: phys_opt_design
Attempting to get a license for feature 'Implementation' and/or device 'xcku5p'
INFO: [Common 17-349] Got license for feature 'Implementation' and/or device 'xcku5p'

Starting Initial Update Timing Task

Time (s): cpu = 00:00:13 ; elapsed = 00:00:03 . Memory (MB): peak = 4969.715 ; gain = 0.000 ; free physical = 196 ; free virtual = 1963
INFO: [Vivado_Tcl 4-383] Design worst setup slack (WNS) is greater than or equal to 0.000 ns. Skipping all physical synthesis optimizations.
INFO: [Vivado_Tcl 4-232] No setup violation found. The netlist was not modified.
INFO: [Common 17-83] Releasing license: Implementation
66 Infos, 0 Warnings, 0 Critical Warnings and 0 Errors encountered.
phys_opt_design completed successfully
INFO: [Timing 38-480] Writing timing data to binary archive.
Write ShapeDB Complete: Time (s): cpu = 00:00:00.12 ; elapsed = 00:00:00.02 . Memory (MB): peak = 5001.730 ; gain = 0.000 ; free physical = 196 ; free virtual = 1964
Wrote PlaceDB: Time (s): cpu = 00:00:03 ; elapsed = 00:00:00.83 . Memory (MB): peak = 5001.730 ; gain = 0.000 ; free physical = 171 ; free virtual = 1960
Wrote PulsedLatchDB: Time (s): cpu = 00:00:00 ; elapsed = 00:00:00 . Memory (MB): peak = 5001.730 ; gain = 0.000 ; free physical = 171 ; free virtual = 1960
Writing XDEF routing.
Writing XDEF routing logical nets.
Writing XDEF routing special nets.
Wrote RouteStorage: Time (s): cpu = 00:00:00.15 ; elapsed = 00:00:00.06 . Memory (MB): peak = 5001.730 ; gain = 0.000 ; free physical = 170 ; free virtual = 1961
Wrote Netlist Cache: Time (s): cpu = 00:00:00.03 ; elapsed = 00:00:00.02 . Memory (MB): peak = 5001.730 ; gain = 0.000 ; free physical = 170 ; free virtual = 1962
Wrote Device Cache: Time (s): cpu = 00:00:00.03 ; elapsed = 00:00:00.01 . Memory (MB): peak = 5001.730 ; gain = 0.000 ; free physical = 163 ; free virtual = 1955
Write Physdb Complete: Time (s): cpu = 00:00:03 ; elapsed = 00:00:00.94 . Memory (MB): peak = 5001.730 ; gain = 0.000 ; free physical = 166 ; free virtual = 1954
INFO: [Common 17-1381] The checkpoint '/home/johncrespo/quantisenc-public/Neuro_proj/Neuro_proj.runs/impl_1/snncore_physopt.dcp' has been generated.
Command: route_design
Attempting to get a license for feature 'Implementation' and/or device 'xcku5p'
INFO: [Common 17-349] Got license for feature 'Implementation' and/or device 'xcku5p'
Running DRC as a precondition to command route_design
INFO: [DRC 23-27] Running DRC with 8 threads
INFO: [Vivado_Tcl 4-198] DRC finished with 0 Errors
INFO: [Vivado_Tcl 4-199] Please refer to the DRC report (report_drc) for more information.


Starting Routing Task
INFO: [Route 35-254] Multithreading enabled for route_design using a maximum of 8 CPUs

Phase 1 Build RT Design
Checksum: PlaceDB: 37ced6db ConstDB: 0 ShapeSum: 4d2200e9 RouteDB: 619fc402
Nodegraph reading from file.  Time (s): cpu = 00:00:00.64 ; elapsed = 00:00:00.65 . Memory (MB): peak = 5033.746 ; gain = 0.000 ; free physical = 221 ; free virtual = 1924
Post Restoration Checksum: NetGraph: 4af887a6 | NumContArr: bfb7a974 | Constraints: fda57c54 | Timing: c2a8fa9d
Phase 1 Build RT Design | Checksum: 2cafea80b

Time (s): cpu = 00:00:22 ; elapsed = 00:00:06 . Memory (MB): peak = 5033.746 ; gain = 0.000 ; free physical = 219 ; free virtual = 1922

Phase 2 Router Initialization

Phase 2.1 Fix Topology Constraints
Phase 2.1 Fix Topology Constraints | Checksum: 2cafea80b

Time (s): cpu = 00:00:22 ; elapsed = 00:00:06 . Memory (MB): peak = 5033.746 ; gain = 0.000 ; free physical = 219 ; free virtual = 1922

Phase 2.2 Pre Route Cleanup
Phase 2.2 Pre Route Cleanup | Checksum: 2cafea80b

Time (s): cpu = 00:00:22 ; elapsed = 00:00:06 . Memory (MB): peak = 5033.746 ; gain = 0.000 ; free physical = 219 ; free virtual = 1922

Phase 2.3 Global Clock Net Routing
 Number of Nodes with overlaps = 0
Phase 2.3 Global Clock Net Routing | Checksum: 2a55240f6

Time (s): cpu = 00:00:25 ; elapsed = 00:00:07 . Memory (MB): peak = 5033.746 ; gain = 0.000 ; free physical = 217 ; free virtual = 1922

Phase 2.4 Update Timing
Phase 2.4 Update Timing | Checksum: 31d23848a

Time (s): cpu = 00:00:32 ; elapsed = 00:00:09 . Memory (MB): peak = 5033.746 ; gain = 0.000 ; free physical = 185 ; free virtual = 1920
INFO: [Route 35-416] Intermediate Timing Summary | WNS=0.600  | TNS=0.000  | WHS=-0.110 | THS=-54.209|


Router Utilization Summary
  Global Vertical Routing Utilization    = 0 %
  Global Horizontal Routing Utilization  = 0 %
  Routable Net Status*
  *Does not include unroutable nets such as driverless and loadless.
  Run report_route_status for detailed report.
  Number of Failed Nets               = 18117
    (Failed Nets is the sum of unrouted and partially routed nets)
  Number of Unrouted Nets             = 10252
  Number of Partially Routed Nets     = 7865
  Number of Node Overlaps             = 0

Phase 2 Router Initialization | Checksum: 331a29167

Time (s): cpu = 00:00:49 ; elapsed = 00:00:12 . Memory (MB): peak = 5033.746 ; gain = 0.000 ; free physical = 185 ; free virtual = 1922

Phase 3 Initial Routing

Phase 3.1 Global Routing
Phase 3.1 Global Routing | Checksum: 331a29167

Time (s): cpu = 00:00:49 ; elapsed = 00:00:12 . Memory (MB): peak = 5033.746 ; gain = 0.000 ; free physical = 185 ; free virtual = 1922

Phase 3.2 Initial Net Routing
Phase 3.2 Initial Net Routing | Checksum: 186f6846c

Time (s): cpu = 00:01:01 ; elapsed = 00:00:16 . Memory (MB): peak = 5033.746 ; gain = 0.000 ; free physical = 203 ; free virtual = 1909
Phase 3 Initial Routing | Checksum: 22bbb417a

Time (s): cpu = 00:01:01 ; elapsed = 00:00:16 . Memory (MB): peak = 5033.746 ; gain = 0.000 ; free physical = 203 ; free virtual = 1909

Phase 4 Rip-up And Reroute

Phase 4.1 Global Iteration 0
 Number of Nodes with overlaps = 6154
 Number of Nodes with overlaps = 470
 Number of Nodes with overlaps = 36
 Number of Nodes with overlaps = 6
 Number of Nodes with overlaps = 0
INFO: [Route 35-416] Intermediate Timing Summary | WNS=0.366  | TNS=0.000  | WHS=-0.004 | THS=-0.007 |

Phase 4.1 Global Iteration 0 | Checksum: 2e2b73f2f

Time (s): cpu = 00:31:31 ; elapsed = 00:06:48 . Memory (MB): peak = 6234.730 ; gain = 1200.984 ; free physical = 138 ; free virtual = 702

Phase 4.2 Global Iteration 1
 Number of Nodes with overlaps = 38
 Number of Nodes with overlaps = 1
 Number of Nodes with overlaps = 0
INFO: [Route 35-416] Intermediate Timing Summary | WNS=0.296  | TNS=0.000  | WHS=N/A    | THS=N/A    |

Phase 4.2 Global Iteration 1 | Checksum: 2174e1adc

Time (s): cpu = 00:52:47 ; elapsed = 00:13:17 . Memory (MB): peak = 6234.730 ; gain = 1200.984 ; free physical = 138 ; free virtual = 648
Phase 4 Rip-up And Reroute | Checksum: 2174e1adc

Time (s): cpu = 00:52:47 ; elapsed = 00:13:17 . Memory (MB): peak = 6234.730 ; gain = 1200.984 ; free physical = 122 ; free virtual = 644

Phase 5 Delay and Skew Optimization

Phase 5.1 Delay CleanUp
Phase 5.1 Delay CleanUp | Checksum: 2c3ab57aa

Time (s): cpu = 00:52:47 ; elapsed = 00:13:17 . Memory (MB): peak = 6234.730 ; gain = 1200.984 ; free physical = 199 ; free virtual = 645

Phase 5.2 Clock Skew Optimization
Phase 5.2 Clock Skew Optimization | Checksum: 2c3ab57aa

Time (s): cpu = 00:52:47 ; elapsed = 00:13:17 . Memory (MB): peak = 6234.730 ; gain = 1200.984 ; free physical = 200 ; free virtual = 646
Phase 5 Delay and Skew Optimization | Checksum: 2c3ab57aa

Time (s): cpu = 00:52:47 ; elapsed = 00:13:17 . Memory (MB): peak = 6234.730 ; gain = 1200.984 ; free physical = 200 ; free virtual = 646

Phase 6 Post Hold Fix

Phase 6.1 Hold Fix Iter

Phase 6.1.1 Update Timing
Phase 6.1.1 Update Timing | Checksum: 232973061

Time (s): cpu = 00:52:54 ; elapsed = 00:13:19 . Memory (MB): peak = 6234.730 ; gain = 1200.984 ; free physical = 129 ; free virtual = 660
INFO: [Route 35-416] Intermediate Timing Summary | WNS=0.296  | TNS=0.000  | WHS=0.011  | THS=0.000  |

Phase 6.1 Hold Fix Iter | Checksum: 2fea710d1

Time (s): cpu = 00:52:55 ; elapsed = 00:13:19 . Memory (MB): peak = 6234.730 ; gain = 1200.984 ; free physical = 124 ; free virtual = 659
Phase 6 Post Hold Fix | Checksum: 2fea710d1

Time (s): cpu = 00:52:55 ; elapsed = 00:13:19 . Memory (MB): peak = 6234.730 ; gain = 1200.984 ; free physical = 124 ; free virtual = 659

Phase 7 Route finalize

Router Utilization Summary
  Global Vertical Routing Utilization    = 0.99324 %
  Global Horizontal Routing Utilization  = 1.11216 %
  Routable Net Status*
  *Does not include unroutable nets such as driverless and loadless.
  Run report_route_status for detailed report.
  Number of Failed Nets               = 0
    (Failed Nets is the sum of unrouted and partially routed nets)
  Number of Unrouted Nets             = 0
  Number of Partially Routed Nets     = 0
  Number of Node Overlaps             = 0

Phase 7 Route finalize | Checksum: 2fea710d1

Time (s): cpu = 00:52:56 ; elapsed = 00:13:20 . Memory (MB): peak = 6234.730 ; gain = 1200.984 ; free physical = 163 ; free virtual = 662

Phase 8 Verifying routed nets

 Verification completed successfully
Phase 8 Verifying routed nets | Checksum: 2fea710d1

Time (s): cpu = 00:52:56 ; elapsed = 00:13:20 . Memory (MB): peak = 6234.730 ; gain = 1200.984 ; free physical = 165 ; free virtual = 646

Phase 9 Depositing Routes
Phase 9 Depositing Routes | Checksum: 2fea710d1

Time (s): cpu = 00:52:58 ; elapsed = 00:13:22 . Memory (MB): peak = 6234.730 ; gain = 1200.984 ; free physical = 121 ; free virtual = 648

Phase 10 Resolve XTalk
Phase 10 Resolve XTalk | Checksum: 2fea710d1

Time (s): cpu = 00:52:58 ; elapsed = 00:13:22 . Memory (MB): peak = 6234.730 ; gain = 1200.984 ; free physical = 165 ; free virtual = 641

Phase 11 Post Router Timing
INFO: [Route 35-57] Estimated Timing Summary | WNS=0.296  | TNS=0.000  | WHS=0.011  | THS=0.000  |

INFO: [Route 35-327] The final timing numbers are based on the router estimated timing analysis. For a complete and accurate timing signoff, please run report_timing_summary.
Phase 11 Post Router Timing | Checksum: 2fea710d1

Time (s): cpu = 00:53:02 ; elapsed = 00:13:23 . Memory (MB): peak = 6234.730 ; gain = 1200.984 ; free physical = 149 ; free virtual = 635
INFO: [Route 35-16] Router Completed Successfully

Phase 12 Post-Route Event Processing
Phase 12 Post-Route Event Processing | Checksum: 189663bd9

Time (s): cpu = 00:53:02 ; elapsed = 00:13:23 . Memory (MB): peak = 6234.730 ; gain = 1200.984 ; free physical = 135 ; free virtual = 621
Ending Routing Task | Checksum: 189663bd9

Time (s): cpu = 00:53:03 ; elapsed = 00:13:24 . Memory (MB): peak = 6234.730 ; gain = 1200.984 ; free physical = 153 ; free virtual = 632

Routing Is Done.
INFO: [Common 17-83] Releasing license: Implementation
81 Infos, 0 Warnings, 0 Critical Warnings and 0 Errors encountered.
route_design completed successfully
route_design: Time (s): cpu = 00:53:07 ; elapsed = 00:13:25 . Memory (MB): peak = 6234.730 ; gain = 1233.000 ; free physical = 141 ; free virtual = 635
INFO: [runtcl-4] Executing : report_drc -file snncore_drc_routed.rpt -pb snncore_drc_routed.pb -rpx snncore_drc_routed.rpx
Command: report_drc -file snncore_drc_routed.rpt -pb snncore_drc_routed.pb -rpx snncore_drc_routed.rpx
INFO: [IP_Flow 19-1839] IP Catalog is up to date.
INFO: [DRC 23-27] Running DRC with 8 threads
INFO: [Vivado_Tcl 2-168] The results of DRC are in file /home/johncrespo/quantisenc-public/Neuro_proj/Neuro_proj.runs/impl_1/snncore_drc_routed.rpt.
report_drc completed successfully
INFO: [runtcl-4] Executing : report_methodology -file snncore_methodology_drc_routed.rpt -pb snncore_methodology_drc_routed.pb -rpx snncore_methodology_drc_routed.rpx
Command: report_methodology -file snncore_methodology_drc_routed.rpt -pb snncore_methodology_drc_routed.pb -rpx snncore_methodology_drc_routed.rpx
INFO: [Timing 38-35] Done setting XDC timing constraints.
INFO: [DRC 23-133] Running Methodology with 8 threads
INFO: [Vivado_Tcl 2-1520] The results of Report Methodology are in file /home/johncrespo/quantisenc-public/Neuro_proj/Neuro_proj.runs/impl_1/snncore_methodology_drc_routed.rpt.
report_methodology completed successfully
report_methodology: Time (s): cpu = 00:00:19 ; elapsed = 00:00:06 . Memory (MB): peak = 6322.773 ; gain = 0.000 ; free physical = 127 ; free virtual = 664
INFO: [runtcl-4] Executing : report_power -file snncore_power_routed.rpt -pb snncore_power_summary_routed.pb -rpx snncore_power_routed.rpx
Command: report_power -file snncore_power_routed.rpt -pb snncore_power_summary_routed.pb -rpx snncore_power_routed.rpx
INFO: [Timing 38-35] Done setting XDC timing constraints.
Running Vector-less Activity Propagation...

Finished Running Vector-less Activity Propagation
91 Infos, 0 Warnings, 0 Critical Warnings and 0 Errors encountered.
report_power completed successfully
report_power: Time (s): cpu = 00:00:21 ; elapsed = 00:00:13 . Memory (MB): peak = 6322.773 ; gain = 0.000 ; free physical = 158 ; free virtual = 619
INFO: [runtcl-4] Executing : report_route_status -file snncore_route_status.rpt -pb snncore_route_status.pb
INFO: [runtcl-4] Executing : report_timing_summary -max_paths 10 -report_unconstrained -file snncore_timing_summary_routed.rpt -pb snncore_timing_summary_routed.pb -rpx snncore_timing_summary_routed.rpx -warn_on_violation 
INFO: [Timing 38-91] UpdateTimingParams: Speed grade: -2, Temperature grade: E, Delay Type: min_max.
INFO: [Timing 38-191] Multithreading enabled for timing update using a maximum of 8 CPUs
INFO: [runtcl-4] Executing : report_incremental_reuse -file snncore_incremental_reuse_routed.rpt
INFO: [Vivado_Tcl 4-1062] Incremental flow is disabled. No incremental reuse Info to report.
INFO: [runtcl-4] Executing : report_clock_utilization -file snncore_clock_utilization_routed.rpt
report_clock_utilization: Time (s): cpu = 00:00:03 ; elapsed = 00:00:07 . Memory (MB): peak = 6322.773 ; gain = 0.000 ; free physical = 153 ; free virtual = 615
INFO: [runtcl-4] Executing : report_bus_skew -warn_on_violation -file snncore_bus_skew_routed.rpt -pb snncore_bus_skew_routed.pb -rpx snncore_bus_skew_routed.rpx
INFO: [Timing 38-91] UpdateTimingParams: Speed grade: -2, Temperature grade: E, Delay Type: min_max.
INFO: [Timing 38-191] Multithreading enabled for timing update using a maximum of 8 CPUs
INFO: [Timing 38-480] Writing timing data to binary archive.
Write ShapeDB Complete: Time (s): cpu = 00:00:00.27 ; elapsed = 00:00:00.1 . Memory (MB): peak = 6322.773 ; gain = 0.000 ; free physical = 115 ; free virtual = 630
Wrote PlaceDB: Time (s): cpu = 00:00:03 ; elapsed = 00:00:01 . Memory (MB): peak = 6322.773 ; gain = 0.000 ; free physical = 134 ; free virtual = 602
Wrote PulsedLatchDB: Time (s): cpu = 00:00:00 ; elapsed = 00:00:00 . Memory (MB): peak = 6322.773 ; gain = 0.000 ; free physical = 168 ; free virtual = 618
Writing XDEF routing.
Writing XDEF routing logical nets.
Writing XDEF routing special nets.
Wrote RouteStorage: Time (s): cpu = 00:00:00.7 ; elapsed = 00:00:00.37 . Memory (MB): peak = 6322.773 ; gain = 0.000 ; free physical = 132 ; free virtual = 609
Wrote Netlist Cache: Time (s): cpu = 00:00:00.03 ; elapsed = 00:00:00.02 . Memory (MB): peak = 6322.773 ; gain = 0.000 ; free physical = 129 ; free virtual = 609
Wrote Device Cache: Time (s): cpu = 00:00:00.03 ; elapsed = 00:00:00.01 . Memory (MB): peak = 6322.773 ; gain = 0.000 ; free physical = 123 ; free virtual = 606
Write Physdb Complete: Time (s): cpu = 00:00:04 ; elapsed = 00:00:02 . Memory (MB): peak = 6322.773 ; gain = 0.000 ; free physical = 175 ; free virtual = 624
INFO: [Common 17-1381] The checkpoint '/home/johncrespo/quantisenc-public/Neuro_proj/Neuro_proj.runs/impl_1/snncore_routed.dcp' has been generated.
INFO: [Common 17-206] Exiting Vivado at Sun Aug 11 20:40:30 2024...
