Copyright 1986-2022 Xilinx, Inc. All Rights Reserved. Copyright 2022-2023 Advanced Micro Devices, Inc. All Rights Reserved.
---------------------------------------------------------------------------------------------------------------------------------------------
| Tool Version : Vivado v.2023.2 (lin64) Build 4029153 Fri Oct 13 20:13:54 MDT 2023
| Date         : Sun Aug 11 20:26:23 2024
| Host         : n3-43-220.dhcp.drexel.edu running 64-bit unknown
| Command      : report_control_sets -verbose -file snncore_control_sets_placed.rpt
| Design       : snncore
| Device       : xcku5p
---------------------------------------------------------------------------------------------------------------------------------------------

Control Set Information

Table of Contents
-----------------
1. Summary
2. Histogram
3. Flip-Flop Distribution
4. Detailed Control Set Information

1. Summary
----------

+----------------------------------------------------------+-------+
|                          Status                          | Count |
+----------------------------------------------------------+-------+
| Total control sets                                       |   116 |
|    Minimum number of control sets                        |   116 |
|    Addition due to synthesis replication                 |     0 |
|    Addition due to physical synthesis replication        |     0 |
| Unused register locations in slices containing registers |    19 |
+----------------------------------------------------------+-------+
* Control sets can be merged at opt_design using control_set_merge or merge_equivalent_drivers
** Run report_qor_suggestions for automated merging and remapping suggestions


2. Histogram
------------

+--------------------+-------+
|       Fanout       | Count |
+--------------------+-------+
| Total control sets |   116 |
| >= 0 to < 4        |     1 |
| >= 4 to < 6        |     4 |
| >= 6 to < 8        |     0 |
| >= 8 to < 10       |   104 |
| >= 10 to < 12      |     0 |
| >= 12 to < 14      |     0 |
| >= 14 to < 16      |     0 |
| >= 16              |     7 |
+--------------------+-------+
* Control sets can be remapped at either synth_design or opt_design


3. Flip-Flop Distribution
-------------------------

+--------------+-----------------------+------------------------+-----------------+--------------+
| Clock Enable | Synchronous Set/Reset | Asynchronous Set/Reset | Total Registers | Total Slices |
+--------------+-----------------------+------------------------+-----------------+--------------+
| No           | No                    | No                     |               0 |            0 |
| No           | No                    | Yes                    |            1054 |          369 |
| No           | Yes                   | No                     |               0 |            0 |
| Yes          | No                    | No                     |               0 |            0 |
| Yes          | No                    | Yes                    |            1287 |          565 |
| Yes          | Yes                   | No                     |               0 |            0 |
+--------------+-----------------------+------------------------+-----------------+--------------+


4. Detailed Control Set Information
-----------------------------------

+-------------------+-----------------------------------------------------------------------------+------------------+------------------+----------------+--------------+
|    Clock Signal   |                                Enable Signal                                | Set/Reset Signal | Slice Load Count | Bel Load Count | Bels / Slice |
+-------------------+-----------------------------------------------------------------------------+------------------+------------------+----------------+--------------+
|  memclk_IBUF_BUFG | cfg_decoder/config_reg[6][1]_i_1_n_0                                        | rst_IBUF_inst/O  |                2 |              2 |         1.00 |
|  memclk_IBUF_BUFG | layer_mid[1].layer/rd_addr_decoder/cnt_en_i_1_n_0                           | rst_IBUF_inst/O  |                1 |              4 |         4.00 |
|  memclk_IBUF_BUFG | layer_input/rd_addr_decoder/cnt_en_i_1__0_n_0                               | rst_IBUF_inst/O  |                1 |              5 |         5.00 |
|  memclk_IBUF_BUFG | cfg_decoder/config_reg                                                      | rst_IBUF_inst/O  |                2 |              5 |         2.50 |
|  memclk_IBUF_BUFG | layer_output/rd_addr_decoder/cnt_en_i_1__1_n_0                              | rst_IBUF_inst/O  |                1 |              5 |         5.00 |
|  spkclk_IBUF_BUFG | layer_mid[1].layer/neuron[2].cuba_lif_inst/lif_dut/int_vmem0                | rst_IBUF_inst/O  |                7 |              8 |         1.14 |
|  spkclk_IBUF_BUFG | layer_input/neuron[13].cuba_lif_inst/lif_dut/refr_cnt[7]_i_1__32_n_0        | rst_IBUF_inst/O  |                2 |              8 |         4.00 |
|  spkclk_IBUF_BUFG | layer_input/neuron[13].cuba_lif_inst/lif_dut/int_vmem0                      | rst_IBUF_inst/O  |                7 |              8 |         1.14 |
|  spkclk_IBUF_BUFG | layer_input/neuron[16].cuba_lif_inst/lif_dut/refr_cnt[7]_i_1__35_n_0        | rst_IBUF_inst/O  |                3 |              8 |         2.67 |
|  spkclk_IBUF_BUFG | layer_input/neuron[16].cuba_lif_inst/lif_dut/int_vmem0                      | rst_IBUF_inst/O  |                6 |              8 |         1.33 |
|  spkclk_IBUF_BUFG | layer_mid[1].layer/neuron[2].cuba_lif_inst/lif_dut/refr_cnt[7]_i_1__1_n_0   | rst_IBUF_inst/O  |                3 |              8 |         2.67 |
|  spkclk_IBUF_BUFG | layer_input/neuron[9].cuba_lif_inst/lif_dut/refr_cnt[7]_i_1__28_n_0         | rst_IBUF_inst/O  |                2 |              8 |         4.00 |
|  spkclk_IBUF_BUFG | layer_input/neuron[9].cuba_lif_inst/lif_dut/int_vmem0                       | rst_IBUF_inst/O  |                5 |              8 |         1.60 |
|  spkclk_IBUF_BUFG | layer_input/neuron[0].cuba_lif_inst/lif_dut/refr_cnt[7]_i_1__19_n_0         | rst_IBUF_inst/O  |                2 |              8 |         4.00 |
|  spkclk_IBUF_BUFG | layer_input/neuron[6].cuba_lif_inst/lif_dut/refr_cnt[7]_i_1__25_n_0         | rst_IBUF_inst/O  |                2 |              8 |         4.00 |
|  spkclk_IBUF_BUFG | layer_input/neuron[11].cuba_lif_inst/lif_dut/refr_cnt[7]_i_1__30_n_0        | rst_IBUF_inst/O  |                2 |              8 |         4.00 |
|  spkclk_IBUF_BUFG | layer_input/neuron[11].cuba_lif_inst/lif_dut/int_vmem0                      | rst_IBUF_inst/O  |                6 |              8 |         1.33 |
|  spkclk_IBUF_BUFG | layer_input/neuron[10].cuba_lif_inst/lif_dut/int_vmem0                      | rst_IBUF_inst/O  |                7 |              8 |         1.14 |
|  spkclk_IBUF_BUFG | layer_mid[1].layer/neuron[11].cuba_lif_inst/lif_dut/refr_cnt[7]_i_1__10_n_0 | rst_IBUF_inst/O  |                2 |              8 |         4.00 |
|  spkclk_IBUF_BUFG | layer_mid[1].layer/neuron[11].cuba_lif_inst/lif_dut/int_vmem0               | rst_IBUF_inst/O  |                6 |              8 |         1.33 |
|  spkclk_IBUF_BUFG | layer_mid[1].layer/neuron[10].cuba_lif_inst/lif_dut/refr_cnt[7]_i_1__9_n_0  | rst_IBUF_inst/O  |                2 |              8 |         4.00 |
|  spkclk_IBUF_BUFG | layer_mid[1].layer/neuron[10].cuba_lif_inst/lif_dut/int_vmem0               | rst_IBUF_inst/O  |                6 |              8 |         1.33 |
|  spkclk_IBUF_BUFG | layer_mid[1].layer/neuron[0].cuba_lif_inst/lif_dut/refr_cnt[7]_i_1_n_0      | rst_IBUF_inst/O  |                2 |              8 |         4.00 |
|  spkclk_IBUF_BUFG | layer_mid[1].layer/neuron[0].cuba_lif_inst/lif_dut/int_vmem0                | rst_IBUF_inst/O  |                7 |              8 |         1.14 |
|  spkclk_IBUF_BUFG | layer_input/neuron[1].cuba_lif_inst/lif_dut/refr_cnt[7]_i_1__20_n_0         | rst_IBUF_inst/O  |                2 |              8 |         4.00 |
|  spkclk_IBUF_BUFG | layer_input/neuron[1].cuba_lif_inst/lif_dut/int_vmem0                       | rst_IBUF_inst/O  |                6 |              8 |         1.33 |
|  spkclk_IBUF_BUFG | layer_input/neuron[19].cuba_lif_inst/lif_dut/refr_cnt[7]_i_1__38_n_0        | rst_IBUF_inst/O  |                2 |              8 |         4.00 |
|  spkclk_IBUF_BUFG | layer_input/neuron[19].cuba_lif_inst/lif_dut/int_vmem0                      | rst_IBUF_inst/O  |                7 |              8 |         1.14 |
|  spkclk_IBUF_BUFG | layer_input/neuron[3].cuba_lif_inst/lif_dut/refr_cnt[7]_i_1__22_n_0         | rst_IBUF_inst/O  |                2 |              8 |         4.00 |
|  spkclk_IBUF_BUFG | layer_input/neuron[3].cuba_lif_inst/lif_dut/int_vmem0                       | rst_IBUF_inst/O  |                6 |              8 |         1.33 |
|  spkclk_IBUF_BUFG | layer_input/neuron[2].cuba_lif_inst/lif_dut/refr_cnt[7]_i_1__21_n_0         | rst_IBUF_inst/O  |                2 |              8 |         4.00 |
|  spkclk_IBUF_BUFG | layer_input/neuron[2].cuba_lif_inst/lif_dut/int_vmem0                       | rst_IBUF_inst/O  |                6 |              8 |         1.33 |
|  spkclk_IBUF_BUFG | layer_mid[1].layer/neuron[14].cuba_lif_inst/lif_dut/refr_cnt[7]_i_1__13_n_0 | rst_IBUF_inst/O  |                3 |              8 |         2.67 |
|  spkclk_IBUF_BUFG | layer_mid[1].layer/neuron[16].cuba_lif_inst/lif_dut/refr_cnt[7]_i_1__15_n_0 | rst_IBUF_inst/O  |                2 |              8 |         4.00 |
|  spkclk_IBUF_BUFG | layer_mid[1].layer/neuron[14].cuba_lif_inst/lif_dut/int_vmem0               | rst_IBUF_inst/O  |                6 |              8 |         1.33 |
|  spkclk_IBUF_BUFG | layer_mid[1].layer/neuron[13].cuba_lif_inst/lif_dut/refr_cnt[7]_i_1__12_n_0 | rst_IBUF_inst/O  |                2 |              8 |         4.00 |
|  spkclk_IBUF_BUFG | layer_mid[1].layer/neuron[13].cuba_lif_inst/lif_dut/int_vmem0               | rst_IBUF_inst/O  |                8 |              8 |         1.00 |
|  spkclk_IBUF_BUFG | layer_mid[1].layer/neuron[12].cuba_lif_inst/lif_dut/refr_cnt[7]_i_1__11_n_0 | rst_IBUF_inst/O  |                2 |              8 |         4.00 |
|  spkclk_IBUF_BUFG | layer_mid[1].layer/neuron[12].cuba_lif_inst/lif_dut/int_vmem0               | rst_IBUF_inst/O  |                6 |              8 |         1.33 |
|  spkclk_IBUF_BUFG | layer_mid[1].layer/neuron[1].cuba_lif_inst/lif_dut/refr_cnt[7]_i_1__0_n_0   | rst_IBUF_inst/O  |                3 |              8 |         2.67 |
|  spkclk_IBUF_BUFG | layer_mid[1].layer/neuron[1].cuba_lif_inst/lif_dut/int_vmem0                | rst_IBUF_inst/O  |                6 |              8 |         1.33 |
|  spkclk_IBUF_BUFG | layer_mid[1].layer/neuron[19].cuba_lif_inst/lif_dut/refr_cnt[7]_i_1__18_n_0 | rst_IBUF_inst/O  |                3 |              8 |         2.67 |
|  spkclk_IBUF_BUFG | layer_mid[1].layer/neuron[19].cuba_lif_inst/lif_dut/int_vmem0               | rst_IBUF_inst/O  |                6 |              8 |         1.33 |
|  spkclk_IBUF_BUFG | layer_mid[1].layer/neuron[18].cuba_lif_inst/lif_dut/refr_cnt[7]_i_1__17_n_0 | rst_IBUF_inst/O  |                2 |              8 |         4.00 |
|  spkclk_IBUF_BUFG | layer_mid[1].layer/neuron[18].cuba_lif_inst/lif_dut/int_vmem0               | rst_IBUF_inst/O  |                6 |              8 |         1.33 |
|  spkclk_IBUF_BUFG | layer_mid[1].layer/neuron[17].cuba_lif_inst/lif_dut/refr_cnt[7]_i_1__16_n_0 | rst_IBUF_inst/O  |                3 |              8 |         2.67 |
|  spkclk_IBUF_BUFG | layer_mid[1].layer/neuron[17].cuba_lif_inst/lif_dut/int_vmem0               | rst_IBUF_inst/O  |                6 |              8 |         1.33 |
|  spkclk_IBUF_BUFG | layer_mid[1].layer/neuron[3].cuba_lif_inst/lif_dut/int_vmem0                | rst_IBUF_inst/O  |                6 |              8 |         1.33 |
|  spkclk_IBUF_BUFG | layer_mid[1].layer/neuron[16].cuba_lif_inst/lif_dut/int_vmem0               | rst_IBUF_inst/O  |                6 |              8 |         1.33 |
|  spkclk_IBUF_BUFG | layer_mid[1].layer/neuron[15].cuba_lif_inst/lif_dut/refr_cnt[7]_i_1__14_n_0 | rst_IBUF_inst/O  |                3 |              8 |         2.67 |
|  spkclk_IBUF_BUFG | layer_mid[1].layer/neuron[15].cuba_lif_inst/lif_dut/int_vmem0               | rst_IBUF_inst/O  |                7 |              8 |         1.14 |
|  spkclk_IBUF_BUFG | layer_mid[1].layer/neuron[7].cuba_lif_inst/lif_dut/refr_cnt[7]_i_1__6_n_0   | rst_IBUF_inst/O  |                3 |              8 |         2.67 |
|  spkclk_IBUF_BUFG | layer_mid[1].layer/neuron[7].cuba_lif_inst/lif_dut/int_vmem0                | rst_IBUF_inst/O  |                5 |              8 |         1.60 |
|  spkclk_IBUF_BUFG | layer_mid[1].layer/neuron[6].cuba_lif_inst/lif_dut/refr_cnt[7]_i_1__5_n_0   | rst_IBUF_inst/O  |                2 |              8 |         4.00 |
|  spkclk_IBUF_BUFG | layer_mid[1].layer/neuron[6].cuba_lif_inst/lif_dut/int_vmem0                | rst_IBUF_inst/O  |                7 |              8 |         1.14 |
|  spkclk_IBUF_BUFG | layer_mid[1].layer/neuron[5].cuba_lif_inst/lif_dut/refr_cnt[7]_i_1__4_n_0   | rst_IBUF_inst/O  |                2 |              8 |         4.00 |
|  spkclk_IBUF_BUFG | layer_mid[1].layer/neuron[5].cuba_lif_inst/lif_dut/int_vmem0                | rst_IBUF_inst/O  |                5 |              8 |         1.60 |
|  spkclk_IBUF_BUFG | layer_mid[1].layer/neuron[4].cuba_lif_inst/lif_dut/refr_cnt[7]_i_1__3_n_0   | rst_IBUF_inst/O  |                2 |              8 |         4.00 |
|  spkclk_IBUF_BUFG | layer_mid[1].layer/neuron[4].cuba_lif_inst/lif_dut/int_vmem0                | rst_IBUF_inst/O  |                4 |              8 |         2.00 |
|  spkclk_IBUF_BUFG | layer_mid[1].layer/neuron[3].cuba_lif_inst/lif_dut/refr_cnt[7]_i_1__2_n_0   | rst_IBUF_inst/O  |                2 |              8 |         4.00 |
|  spkclk_IBUF_BUFG | layer_output/neuron[1].cuba_lif_inst/lif_dut/refr_cnt[7]_i_1__40_n_0        | rst_IBUF_inst/O  |                2 |              8 |         4.00 |
|  spkclk_IBUF_BUFG | layer_output/neuron[7].cuba_lif_inst/lif_dut/refr_cnt[7]_i_1__46_n_0        | rst_IBUF_inst/O  |                3 |              8 |         2.67 |
|  spkclk_IBUF_BUFG | layer_output/neuron[7].cuba_lif_inst/lif_dut/int_vmem0                      | rst_IBUF_inst/O  |                5 |              8 |         1.60 |
|  spkclk_IBUF_BUFG | layer_output/neuron[6].cuba_lif_inst/lif_dut/refr_cnt[7]_i_1__45_n_0        | rst_IBUF_inst/O  |                2 |              8 |         4.00 |
|  spkclk_IBUF_BUFG | layer_output/neuron[6].cuba_lif_inst/lif_dut/int_vmem0                      | rst_IBUF_inst/O  |                5 |              8 |         1.60 |
|  spkclk_IBUF_BUFG | layer_output/neuron[5].cuba_lif_inst/lif_dut/refr_cnt[7]_i_1__44_n_0        | rst_IBUF_inst/O  |                2 |              8 |         4.00 |
|  spkclk_IBUF_BUFG | layer_output/neuron[5].cuba_lif_inst/lif_dut/int_vmem0                      | rst_IBUF_inst/O  |                6 |              8 |         1.33 |
|  spkclk_IBUF_BUFG | layer_output/neuron[4].cuba_lif_inst/lif_dut/refr_cnt[7]_i_1__43_n_0        | rst_IBUF_inst/O  |                3 |              8 |         2.67 |
|  spkclk_IBUF_BUFG | layer_output/neuron[4].cuba_lif_inst/lif_dut/int_vmem0                      | rst_IBUF_inst/O  |                5 |              8 |         1.60 |
|  spkclk_IBUF_BUFG | layer_output/neuron[3].cuba_lif_inst/lif_dut/refr_cnt[7]_i_1__42_n_0        | rst_IBUF_inst/O  |                3 |              8 |         2.67 |
|  spkclk_IBUF_BUFG | layer_output/neuron[3].cuba_lif_inst/lif_dut/int_vmem0                      | rst_IBUF_inst/O  |                6 |              8 |         1.33 |
|  spkclk_IBUF_BUFG | layer_output/neuron[2].cuba_lif_inst/lif_dut/refr_cnt[7]_i_1__41_n_0        | rst_IBUF_inst/O  |                2 |              8 |         4.00 |
|  spkclk_IBUF_BUFG | layer_output/neuron[2].cuba_lif_inst/lif_dut/int_vmem0                      | rst_IBUF_inst/O  |                6 |              8 |         1.33 |
|  spkclk_IBUF_BUFG | layer_input/neuron[12].cuba_lif_inst/lif_dut/refr_cnt[7]_i_1__31_n_0        | rst_IBUF_inst/O  |                2 |              8 |         4.00 |
|  spkclk_IBUF_BUFG | layer_output/neuron[1].cuba_lif_inst/lif_dut/int_vmem0                      | rst_IBUF_inst/O  |                6 |              8 |         1.33 |
|  spkclk_IBUF_BUFG | layer_output/neuron[0].cuba_lif_inst/lif_dut/refr_cnt[7]_i_1__39_n_0        | rst_IBUF_inst/O  |                2 |              8 |         4.00 |
|  spkclk_IBUF_BUFG | layer_output/neuron[0].cuba_lif_inst/lif_dut/int_vmem0                      | rst_IBUF_inst/O  |                7 |              8 |         1.14 |
|  spkclk_IBUF_BUFG | layer_mid[1].layer/neuron[9].cuba_lif_inst/lif_dut/refr_cnt[7]_i_1__8_n_0   | rst_IBUF_inst/O  |                2 |              8 |         4.00 |
|  spkclk_IBUF_BUFG | layer_mid[1].layer/neuron[9].cuba_lif_inst/lif_dut/int_vmem0                | rst_IBUF_inst/O  |                6 |              8 |         1.33 |
|  spkclk_IBUF_BUFG | layer_mid[1].layer/neuron[8].cuba_lif_inst/lif_dut/refr_cnt[7]_i_1__7_n_0   | rst_IBUF_inst/O  |                3 |              8 |         2.67 |
|  spkclk_IBUF_BUFG | layer_mid[1].layer/neuron[8].cuba_lif_inst/lif_dut/int_vmem0                | rst_IBUF_inst/O  |                6 |              8 |         1.33 |
|  memclk_IBUF_BUFG | cfg_decoder/config_reg[0][7]_i_1_n_0                                        | rst_IBUF_inst/O  |                4 |              8 |         2.00 |
|  memclk_IBUF_BUFG | cfg_decoder/config_reg[4][7]_i_1_n_0                                        | rst_IBUF_inst/O  |                1 |              8 |         8.00 |
|  memclk_IBUF_BUFG | cfg_decoder/config_reg[5][7]_i_1_n_0                                        | rst_IBUF_inst/O  |                2 |              8 |         4.00 |
|  memclk_IBUF_BUFG | cfg_decoder/config_reg[3][7]_i_1_n_0                                        | rst_IBUF_inst/O  |                2 |              8 |         4.00 |
|  spkclk_IBUF_BUFG | layer_output/neuron[8].cuba_lif_inst/lif_dut/refr_cnt[7]_i_1__47_n_0        | rst_IBUF_inst/O  |                3 |              8 |         2.67 |
|  spkclk_IBUF_BUFG | layer_input/neuron[6].cuba_lif_inst/lif_dut/int_vmem0                       | rst_IBUF_inst/O  |                7 |              8 |         1.14 |
|  spkclk_IBUF_BUFG | layer_input/neuron[12].cuba_lif_inst/lif_dut/int_vmem0                      | rst_IBUF_inst/O  |                5 |              8 |         1.60 |
|  spkclk_IBUF_BUFG | layer_input/neuron[18].cuba_lif_inst/lif_dut/refr_cnt[7]_i_1__37_n_0        | rst_IBUF_inst/O  |                2 |              8 |         4.00 |
|  spkclk_IBUF_BUFG | layer_input/neuron[18].cuba_lif_inst/lif_dut/int_vmem0                      | rst_IBUF_inst/O  |                6 |              8 |         1.33 |
|  spkclk_IBUF_BUFG | layer_input/neuron[17].cuba_lif_inst/lif_dut/refr_cnt[7]_i_1__36_n_0        | rst_IBUF_inst/O  |                2 |              8 |         4.00 |
|  spkclk_IBUF_BUFG | layer_input/neuron[17].cuba_lif_inst/lif_dut/int_vmem0                      | rst_IBUF_inst/O  |                4 |              8 |         2.00 |
|  spkclk_IBUF_BUFG | layer_input/neuron[10].cuba_lif_inst/lif_dut/refr_cnt[7]_i_1__29_n_0        | rst_IBUF_inst/O  |                2 |              8 |         4.00 |
|  spkclk_IBUF_BUFG | layer_input/neuron[0].cuba_lif_inst/lif_dut/int_vmem0                       | rst_IBUF_inst/O  |                6 |              8 |         1.33 |
|  spkclk_IBUF_BUFG | layer_input/neuron[5].cuba_lif_inst/lif_dut/refr_cnt[7]_i_1__24_n_0         | rst_IBUF_inst/O  |                2 |              8 |         4.00 |
|  spkclk_IBUF_BUFG | layer_input/neuron[5].cuba_lif_inst/lif_dut/int_vmem0                       | rst_IBUF_inst/O  |                5 |              8 |         1.60 |
|  spkclk_IBUF_BUFG | layer_input/neuron[4].cuba_lif_inst/lif_dut/refr_cnt[7]_i_1__23_n_0         | rst_IBUF_inst/O  |                2 |              8 |         4.00 |
|  spkclk_IBUF_BUFG | layer_input/neuron[8].cuba_lif_inst/lif_dut/refr_cnt[7]_i_1__27_n_0         | rst_IBUF_inst/O  |                2 |              8 |         4.00 |
|  spkclk_IBUF_BUFG | layer_output/neuron[8].cuba_lif_inst/lif_dut/int_vmem0                      | rst_IBUF_inst/O  |                6 |              8 |         1.33 |
|  spkclk_IBUF_BUFG | layer_output/neuron[9].cuba_lif_inst/lif_dut/int_vmem0                      | rst_IBUF_inst/O  |                5 |              8 |         1.60 |
|  spkclk_IBUF_BUFG | layer_output/neuron[9].cuba_lif_inst/lif_dut/refr_cnt[7]_i_1__48_n_0        | rst_IBUF_inst/O  |                3 |              8 |         2.67 |
|  spkclk_IBUF_BUFG | layer_input/neuron[14].cuba_lif_inst/lif_dut/int_vmem0                      | rst_IBUF_inst/O  |                7 |              8 |         1.14 |
|  spkclk_IBUF_BUFG | layer_input/neuron[14].cuba_lif_inst/lif_dut/refr_cnt[7]_i_1__33_n_0        | rst_IBUF_inst/O  |                2 |              8 |         4.00 |
|  spkclk_IBUF_BUFG | layer_input/neuron[15].cuba_lif_inst/lif_dut/int_vmem0                      | rst_IBUF_inst/O  |                7 |              8 |         1.14 |
|  spkclk_IBUF_BUFG | layer_input/neuron[15].cuba_lif_inst/lif_dut/refr_cnt[7]_i_1__34_n_0        | rst_IBUF_inst/O  |                2 |              8 |         4.00 |
|  spkclk_IBUF_BUFG | layer_input/neuron[7].cuba_lif_inst/lif_dut/int_vmem0                       | rst_IBUF_inst/O  |                6 |              8 |         1.33 |
|  spkclk_IBUF_BUFG | layer_input/neuron[7].cuba_lif_inst/lif_dut/refr_cnt[7]_i_1__26_n_0         | rst_IBUF_inst/O  |                2 |              8 |         4.00 |
|  spkclk_IBUF_BUFG | layer_input/neuron[8].cuba_lif_inst/lif_dut/int_vmem0                       | rst_IBUF_inst/O  |                5 |              8 |         1.60 |
|  spkclk_IBUF_BUFG | layer_input/neuron[4].cuba_lif_inst/lif_dut/int_vmem0                       | rst_IBUF_inst/O  |                6 |              8 |         1.33 |
|  memclk_IBUF_BUFG | cfg_decoder/config_reg[2][7]_i_1_n_0                                        | rst_IBUF_inst/O  |                4 |             17 |         4.25 |
|  memclk_IBUF_BUFG | cfg_decoder/config_reg[1][7]_i_1_n_0                                        | rst_IBUF_inst/O  |                6 |             17 |         2.83 |
|  memclk_IBUF_BUFG | layer_output/rd_addr_decoder/E[0]                                           | rst_IBUF_inst/O  |               29 |             80 |         2.76 |
|  memclk_IBUF_BUFG | layer_input/rd_addr_decoder/E[0]                                            | rst_IBUF_inst/O  |               57 |            160 |         2.81 |
|  memclk_IBUF_BUFG | layer_mid[1].layer/rd_addr_decoder/E[0]                                     | rst_IBUF_inst/O  |               59 |            160 |         2.71 |
|  memclk_IBUF_BUFG |                                                                             | rst_IBUF_inst/O  |               69 |            190 |         2.75 |
|  spkclk_IBUF_BUFG |                                                                             | rst_IBUF_inst/O  |              314 |            864 |         2.75 |
+-------------------+-----------------------------------------------------------------------------+------------------+------------------+----------------+--------------+


